[05-11-2023 14:56:07.076 INFO PIM.Add_Employee] - PIM_01 - Step 01: Open PIM link at menu
[05-11-2023 14:56:10.613 INFO PIM.Add_Employee] - PIM_01 - Step 02: Click Add button
[05-11-2023 14:56:12.055 INFO PIM.Add_Employee] - PIM_01 - Step 03: Fill in First Name
[05-11-2023 14:56:12.602 INFO PIM.Add_Employee] - PIM_01 - Step 04: Fill in Middle Name
[05-11-2023 14:56:12.808 INFO PIM.Add_Employee] - PIM_01 - Step 05: Fill in Last Name
[05-11-2023 14:56:13.028 INFO PIM.Add_Employee] - PIM_01 - Step 06: Get value of Employee id
[05-11-2023 14:56:13.096 INFO PIM.Add_Employee] - PIM_01 - Step 07: On Create Login Details toggle
[05-11-2023 14:56:13.096 INFO PIM.Add_Employee] - PIM_01 - Step 08: Fill in User Name
[05-11-2023 14:56:13.097 INFO PIM.Add_Employee] - PIM_01 - Step 09: Choose Status radio button
[05-11-2023 14:56:13.097 INFO PIM.Add_Employee] - PIM_01 - Step 10: Fill in Password
[05-11-2023 14:56:13.097 INFO PIM.Add_Employee] - PIM_01 - Step 11: Fill in Confirm Password
[05-11-2023 14:56:13.098 INFO PIM.Add_Employee] - PIM_01 - Step 12: Upload Avatar
[05-11-2023 14:56:13.098 INFO PIM.Add_Employee] - PIM_01 - Step 13: Click Save button
[05-11-2023 14:56:13.412 INFO PIM.Add_Employee] - PIM_01 - Step 14: Verify Toast message is displayed with content Successfully Saved
[05-11-2023 14:56:13.413 INFO PIM.Add_Employee] - PIM_01 - Step 15: Open Persional Detail Screen
[05-11-2023 14:56:13.414 INFO PIM.Add_Employee] - PIM_01 - Step 16: Verify First Name is displayed.
[05-11-2023 14:56:13.414 INFO PIM.Add_Employee] - PIM_01 - Step 17: Verify Middle Name is displayed.
[05-11-2023 14:56:13.414 INFO PIM.Add_Employee] - PIM_01 - Step 18: Verify Last Name is displayed.
[05-11-2023 14:56:13.415 INFO PIM.Add_Employee] - PIM_01 - Step 19: Verify Employee id is displayed.
[05-11-2023 14:56:13.415 INFO PIM.Add_Employee] - PIM_01 - Step 20: Verify Avatar is displayed.
