[06-11-2023 10:03:06.579 INFO PIM.Add_Employee] - PIM_01 - Step 01: Open PIM link at menu
[06-11-2023 10:03:10.665 INFO PIM.Add_Employee] - PIM_01 - Step 02: Click Add button
[06-11-2023 10:03:12.445 INFO PIM.Add_Employee] - PIM_01 - Step 03: Fill in First Name
[06-11-2023 10:03:13.074 INFO PIM.Add_Employee] - PIM_01 - Step 04: Fill in Middle Name
[06-11-2023 10:03:13.287 INFO PIM.Add_Employee] - PIM_01 - Step 05: Fill in Last Name
[06-11-2023 10:03:13.513 INFO PIM.Add_Employee] - PIM_01 - Step 06: Get value of Employee id
[06-11-2023 10:03:13.589 INFO PIM.Add_Employee] - PIM_01 - Step 07: On Create Login Details toggle
[06-11-2023 10:03:13.970 INFO PIM.Add_Employee] - PIM_01 - Step 08: Fill in User Name
[06-11-2023 10:03:14.241 INFO PIM.Add_Employee] - PIM_01 - Step 09: Choose Status radio button
[06-11-2023 10:03:14.371 INFO PIM.Add_Employee] - PIM_01 - Step 10: Fill in Password
[06-11-2023 10:03:14.621 INFO PIM.Add_Employee] - PIM_01 - Step 11: Fill in Confirm Password
[06-11-2023 10:03:14.839 INFO PIM.Add_Employee] - PIM_01 - Step 12: Upload Avatar and verify uploaded successed
[06-11-2023 10:03:15.040 INFO PIM.Add_Employee] - ----------PASSED----------
[06-11-2023 10:03:15.040 INFO PIM.Add_Employee] - PIM_01 - Step 13: Click Save button
[06-11-2023 10:03:15.159 INFO PIM.Add_Employee] - PIM_01 - Step 14: Verify Toast message is displayed with content Successfully Saved
[06-11-2023 10:03:17.241 INFO PIM.Add_Employee] - ----------PASSED----------
[06-11-2023 10:03:17.241 INFO PIM.Add_Employee] - PIM_01 - Step 15: Verify openning Persional Detail Screen is true
[06-11-2023 10:03:20.847 INFO PIM.Add_Employee] - ----------PASSED----------
[06-11-2023 10:03:20.847 INFO PIM.Add_Employee] - PIM_01 - Step 16: Verify First Name is displayed.
[06-11-2023 10:03:20.917 INFO PIM.Add_Employee] - ----------FAILED----------
[06-11-2023 10:03:20.917 INFO PIM.Add_Employee] - PIM_01 - Step 17: Verify Middle Name is displayed.
[06-11-2023 10:03:21.297 INFO PIM.Add_Employee] - ----------FAILED----------
[06-11-2023 10:03:21.298 INFO PIM.Add_Employee] - PIM_01 - Step 18: Verify Last Name is displayed.
[06-11-2023 10:03:21.368 INFO PIM.Add_Employee] - ----------FAILED----------
[06-11-2023 10:03:21.368 INFO PIM.Add_Employee] - PIM_01 - Step 19: Verify Employee id is displayed.
[06-11-2023 10:03:21.432 INFO PIM.Add_Employee] - ----------FAILED----------
